<?xml version="1.0" encoding="UTF-8"?>
<!-- Generated by org.testng.reporters.JUnitReportReporter -->
<testsuite skipped="0" hostname="khosruzs-MBP.lan" name="com.tests.RegistrationPageTest" tests="6" failures="0" timestamp="2021-12-30T21:59:03 EST" time="65.258" errors="0">
  <testcase name="insertNewUserDetailsTest" time="11.709" classname="com.tests.RegistrationPageTest"/>
  <system-out/>
  <testcase name="insertNewUserDetailsTest" time="12.365" classname="com.tests.RegistrationPageTest"/>
  <system-out/>
  <testcase name="validatPageTitleTest" time="6.126" classname="com.tests.RegistrationPageTest"/>
  <system-out/>
  <testcase name="insertNewUserDetailsTest" time="11.997" classname="com.tests.RegistrationPageTest"/>
  <system-out/>
  <testcase name="insertNewUserDetailsTest" time="11.019" classname="com.tests.RegistrationPageTest"/>
  <system-out/>
  <testcase name="insertNewUserDetailsTest" time="12.042" classname="com.tests.RegistrationPageTest"/>
  <system-out/>
</testsuite> <!-- com.tests.RegistrationPageTest -->
