<?xml version="1.0" encoding="UTF-8"?>
<!-- Generated by org.testng.reporters.JUnitReportReporter -->
<testsuite skipped="0" hostname="khosruzs-MBP.lan" name="com.tests.LoginPageTest" tests="3" failures="0" timestamp="2021-12-29T21:57:13 EST" time="24.376" errors="0">
  <testcase name="validatLoginPageTitleTest" time="8.003" classname="com.tests.LoginPageTest"/>
  <system-out/>
  <testcase name="loginTest" time="6.119" classname="com.tests.LoginPageTest"/>
  <system-out/>
  <testcase name="validateUserNameTest" time="10.254" classname="com.tests.LoginPageTest"/>
  <system-out/>
</testsuite> <!-- com.tests.LoginPageTest -->
