<?xml version="1.0" encoding="UTF-8"?>
<!-- Generated by org.testng.reporters.JUnitReportReporter -->
<testsuite skipped="0" hostname="khosruzs-MBP.lan" name="com.tests.RegistrationPageTest" tests="6" failures="0" timestamp="2021-12-29T21:57:13 EST" time="65.056" errors="0">
  <testcase name="insertNewUserDetailsTest" time="11.622" classname="com.tests.RegistrationPageTest"/>
  <system-out/>
  <testcase name="insertNewUserDetailsTest" time="11.673" classname="com.tests.RegistrationPageTest"/>
  <system-out/>
  <testcase name="insertNewUserDetailsTest" time="11.609" classname="com.tests.RegistrationPageTest"/>
  <system-out/>
  <testcase name="validatPageTitleTest" time="6.591" classname="com.tests.RegistrationPageTest"/>
  <system-out/>
  <testcase name="insertNewUserDetailsTest" time="11.687" classname="com.tests.RegistrationPageTest"/>
  <system-out/>
  <testcase name="insertNewUserDetailsTest" time="11.874" classname="com.tests.RegistrationPageTest"/>
  <system-out/>
</testsuite> <!-- com.tests.RegistrationPageTest -->
