<?xml version="1.0" encoding="UTF-8"?>
<!-- Generated by org.testng.reporters.JUnitReportReporter -->
<testsuite skipped="0" hostname="khosruzs-MBP.lan" name="com.tests.HomePageTest" tests="4" failures="0" timestamp="2021-12-29T20:35:06 EST" time="20.925" errors="0">
  <testcase name="HomePageTitle" time="4.982" classname="com.tests.HomePageTest"/>
  <system-out/>
  <testcase name="validateLoginSourceButtonTest" time="4.274" classname="com.tests.HomePageTest"/>
  <system-out/>
  <testcase name="validateAboutUsLinkTest" time="6.078" classname="com.tests.HomePageTest"/>
  <system-out/>
  <testcase name="verifyCurrencyListTest" time="5.591" classname="com.tests.HomePageTest"/>
  <system-out/>
</testsuite> <!-- com.tests.HomePageTest -->
