<?xml version="1.0" encoding="UTF-8"?>
<!-- Generated by org.testng.reporters.JUnitReportReporter -->
<testsuite skipped="0" hostname="khosruzs-MBP.lan" name="com.tests.LoginPageTest" tests="3" failures="0" timestamp="2021-12-29T20:35:06 EST" time="20.120" errors="0">
  <testcase name="validatLoginPageTitleTest" time="7.432" classname="com.tests.LoginPageTest"/>
  <system-out/>
  <testcase name="loginTest" time="5.657" classname="com.tests.LoginPageTest"/>
  <system-out/>
  <testcase name="validateUserNameTest" time="7.031" classname="com.tests.LoginPageTest"/>
  <system-out/>
</testsuite> <!-- com.tests.LoginPageTest -->
