<?xml version="1.0" encoding="UTF-8"?>
<!-- Generated by org.testng.reporters.JUnitReportReporter -->
<testsuite skipped="0" hostname="khosruzs-MBP.lan" name="com.tests.HomePageTest" tests="4" failures="0" timestamp="2021-12-30T21:59:03 EST" time="20.828" errors="0">
  <testcase name="HomePageTitle" time="4.907" classname="com.tests.HomePageTest"/>
  <system-out/>
  <testcase name="validateLoginSourceButtonTest" time="4.109" classname="com.tests.HomePageTest"/>
  <system-out/>
  <testcase name="validateAboutUsLinkTest" time="6.570" classname="com.tests.HomePageTest"/>
  <system-out/>
  <testcase name="verifyCurrencyListTest" time="5.242" classname="com.tests.HomePageTest"/>
  <system-out/>
</testsuite> <!-- com.tests.HomePageTest -->
