<?xml version="1.0" encoding="UTF-8"?>
<!-- Generated by org.testng.reporters.JUnitReportReporter -->
<testsuite skipped="0" hostname="khosruzs-MBP.lan" name="com.tests.HomePageTest" tests="4" failures="0" timestamp="2021-12-29T21:57:13 EST" time="26.127" errors="0">
  <testcase name="HomePageTitle" time="3.750" classname="com.tests.HomePageTest"/>
  <system-out/>
  <testcase name="validateLoginSourceButtonTest" time="5.000" classname="com.tests.HomePageTest"/>
  <system-out/>
  <testcase name="validateAboutUsLinkTest" time="11.793" classname="com.tests.HomePageTest"/>
  <system-out/>
  <testcase name="verifyCurrencyListTest" time="5.584" classname="com.tests.HomePageTest"/>
  <system-out/>
</testsuite> <!-- com.tests.HomePageTest -->
