<?xml version="1.0" encoding="UTF-8"?>
<!-- Generated by org.testng.reporters.JUnitReportReporter -->
<testsuite skipped="0" hostname="khosruzs-MBP.lan" name="com.tests.RegistrationPageTest" tests="2" failures="0" timestamp="2021-12-29T20:35:06 EST" time="18.433" errors="0">
  <testcase name="insertNewUserDetailsTest" time="12.640" classname="com.tests.RegistrationPageTest"/>
  <system-out/>
  <testcase name="validatPageTitleTest" time="5.793" classname="com.tests.RegistrationPageTest"/>
  <system-out/>
</testsuite> <!-- com.tests.RegistrationPageTest -->
