<?xml version="1.0" encoding="UTF-8"?>
<!-- Generated by org.testng.reporters.JUnitReportReporter -->
<testsuite skipped="0" hostname="khosruzs-MBP.lan" name="com.tests.LoginPageTest" tests="3" failures="0" timestamp="2021-12-30T21:59:03 EST" time="20.117" errors="0">
  <testcase name="validatLoginPageTitleTest" time="6.674" classname="com.tests.LoginPageTest"/>
  <system-out/>
  <testcase name="loginTest" time="5.627" classname="com.tests.LoginPageTest"/>
  <system-out/>
  <testcase name="validateUserNameTest" time="7.816" classname="com.tests.LoginPageTest"/>
  <system-out/>
</testsuite> <!-- com.tests.LoginPageTest -->
